<?xml version="1.0" encoding="UTF-8"?>
<!-- Generated by org.testng.reporters.JUnitReportReporter -->
<testsuite hostname="DESKTOP-VA1OBMB" failures="0" tests="2" name="AC_test.RESTAPITest" time="0.000" errors="0" timestamp="2020-04-12T17:16:13 IST" skipped="0">
  <testcase classname="AC_test.RESTAPITest" name="deleteTwitter" time="0.000"/>
  <system-out/>
  <testcase classname="AC_test.RESTAPITest" name="postJira" time="0.000"/>
  <system-out/>
</testsuite> <!-- AC_test.RESTAPITest -->
