<?xml version="1.0" encoding="UTF-8"?>
<!-- Generated by org.testng.reporters.JUnitReportReporter -->
<testsuite hostname="DESKTOP-VA1OBMB" failures="0" tests="2" name="AC_test.SeleniumTest" time="0.001" errors="0" timestamp="2020-04-12T17:16:13 IST" skipped="0">
  <testcase classname="AC_test.SeleniumTest" name="BrowserAUtomation" time="0.000"/>
  <system-out/>
  <testcase classname="AC_test.SeleniumTest" name="elementsUi" time="0.001"/>
  <system-out/>
</testsuite> <!-- AC_test.SeleniumTest -->
