<?xml version="1.0" encoding="UTF-8"?>
<!-- Generated by org.testng.reporters.JUnitReportReporter -->
<testsuite hostname="DESKTOP-VA1OBMB" failures="0" tests="2" name="AC_test.AppiumTest" time="0.007" errors="0" timestamp="2020-04-12T17:16:13 IST" skipped="0">
  <testcase classname="AC_test.AppiumTest" name="NativeAPpAndroid" time="0.001"/>
  <system-out/>
  <testcase classname="AC_test.AppiumTest" name="IOSApps" time="0.006"/>
  <system-out/>
</testsuite> <!-- AC_test.AppiumTest -->
